<?xml version="1.0" encoding="UTF-8"?>
<testsuite xmlns:xsi="http://www.w3.org/2001/XMLSchema-instance" xsi:noNamespaceSchemaLocation="https://maven.apache.org/surefire/maven-surefire-plugin/xsd/surefire-test-report-3.0.xsd" version="3.0" name="com.genderapi.runners.TestRunner" time="0.638" tests="5" errors="0" skipped="0" failures="0">
  <properties>
    <property name="java.specification.version" value="17"/>
    <property name="sun.jnu.encoding" value="UTF-8"/>
    <property name="java.class.path" value="/Users/bimalsharma/Desktop/API/demo/target/test-classes:/Users/bimalsharma/Desktop/API/demo/target/classes:/Users/bimalsharma/.m2/repository/junit/junit/4.13.2/junit-4.13.2.jar:/Users/bimalsharma/.m2/repository/org/hamcrest/hamcrest-core/1.3/hamcrest-core-1.3.jar:/Users/bimalsharma/.m2/repository/io/cucumber/cucumber-java/7.14.0/cucumber-java-7.14.0.jar:/Users/bimalsharma/.m2/repository/io/cucumber/cucumber-core/7.14.0/cucumber-core-7.14.0.jar:/Users/bimalsharma/.m2/repository/io/cucumber/cucumber-gherkin/7.14.0/cucumber-gherkin-7.14.0.jar:/Users/bimalsharma/.m2/repository/io/cucumber/cucumber-gherkin-messages/7.14.0/cucumber-gherkin-messages-7.14.0.jar:/Users/bimalsharma/.m2/repository/io/cucumber/gherkin/26.2.0/gherkin-26.2.0.jar:/Users/bimalsharma/.m2/repository/io/cucumber/messages/22.0.0/messages-22.0.0.jar:/Users/bimalsharma/.m2/repository/io/cucumber/tag-expressions/5.0.6/tag-expressions-5.0.6.jar:/Users/bimalsharma/.m2/repository/io/cucumber/cucumber-expressions/16.1.2/cucumber-expressions-16.1.2.jar:/Users/bimalsharma/.m2/repository/io/cucumber/datatable/7.14.0/datatable-7.14.0.jar:/Users/bimalsharma/.m2/repository/io/cucumber/cucumber-plugin/7.14.0/cucumber-plugin-7.14.0.jar:/Users/bimalsharma/.m2/repository/io/cucumber/docstring/7.14.0/docstring-7.14.0.jar:/Users/bimalsharma/.m2/repository/io/cucumber/html-formatter/20.4.0/html-formatter-20.4.0.jar:/Users/bimalsharma/.m2/repository/io/cucumber/junit-xml-formatter/0.2.0/junit-xml-formatter-0.2.0.jar:/Users/bimalsharma/.m2/repository/io/cucumber/ci-environment/9.2.0/ci-environment-9.2.0.jar:/Users/bimalsharma/.m2/repository/org/apiguardian/apiguardian-api/1.1.2/apiguardian-api-1.1.2.jar:/Users/bimalsharma/.m2/repository/io/cucumber/cucumber-junit/7.14.0/cucumber-junit-7.14.0.jar:/Users/bimalsharma/.m2/repository/com/github/tomakehurst/wiremock-jre8/2.35.0/wiremock-jre8-2.35.0.jar:/Users/bimalsharma/.m2/repository/org/eclipse/jetty/jetty-server/9.4.49.v20220914/jetty-server-9.4.49.v20220914.jar:/Users/bimalsharma/.m2/repository/javax/servlet/javax.servlet-api/3.1.0/javax.servlet-api-3.1.0.jar:/Users/bimalsharma/.m2/repository/org/eclipse/jetty/jetty-http/9.4.49.v20220914/jetty-http-9.4.49.v20220914.jar:/Users/bimalsharma/.m2/repository/org/eclipse/jetty/jetty-io/9.4.49.v20220914/jetty-io-9.4.49.v20220914.jar:/Users/bimalsharma/.m2/repository/org/eclipse/jetty/jetty-servlet/9.4.49.v20220914/jetty-servlet-9.4.49.v20220914.jar:/Users/bimalsharma/.m2/repository/org/eclipse/jetty/jetty-security/9.4.49.v20220914/jetty-security-9.4.49.v20220914.jar:/Users/bimalsharma/.m2/repository/org/eclipse/jetty/jetty-util-ajax/9.4.49.v20220914/jetty-util-ajax-9.4.49.v20220914.jar:/Users/bimalsharma/.m2/repository/org/eclipse/jetty/jetty-servlets/9.4.49.v20220914/jetty-servlets-9.4.49.v20220914.jar:/Users/bimalsharma/.m2/repository/org/eclipse/jetty/jetty-continuation/9.4.49.v20220914/jetty-continuation-9.4.49.v20220914.jar:/Users/bimalsharma/.m2/repository/org/eclipse/jetty/jetty-util/9.4.49.v20220914/jetty-util-9.4.49.v20220914.jar:/Users/bimalsharma/.m2/repository/org/eclipse/jetty/jetty-webapp/9.4.49.v20220914/jetty-webapp-9.4.49.v20220914.jar:/Users/bimalsharma/.m2/repository/org/eclipse/jetty/jetty-xml/9.4.49.v20220914/jetty-xml-9.4.49.v20220914.jar:/Users/bimalsharma/.m2/repository/org/eclipse/jetty/jetty-proxy/9.4.49.v20220914/jetty-proxy-9.4.49.v20220914.jar:/Users/bimalsharma/.m2/repository/org/eclipse/jetty/jetty-client/9.4.49.v20220914/jetty-client-9.4.49.v20220914.jar:/Users/bimalsharma/.m2/repository/org/eclipse/jetty/http2/http2-server/9.4.49.v20220914/http2-server-9.4.49.v20220914.jar:/Users/bimalsharma/.m2/repository/org/eclipse/jetty/http2/http2-common/9.4.49.v20220914/http2-common-9.4.49.v20220914.jar:/Users/bimalsharma/.m2/repository/org/eclipse/jetty/http2/http2-hpack/9.4.49.v20220914/http2-hpack-9.4.49.v20220914.jar:/Users/bimalsharma/.m2/repository/org/eclipse/jetty/jetty-alpn-server/9.4.49.v20220914/jetty-alpn-server-9.4.49.v20220914.jar:/Users/bimalsharma/.m2/repository/org/eclipse/jetty/jetty-alpn-java-server/9.4.49.v20220914/jetty-alpn-java-server-9.4.49.v20220914.jar:/Users/bimalsharma/.m2/repository/org/eclipse/jetty/jetty-alpn-openjdk8-server/9.4.49.v20220914/jetty-alpn-openjdk8-server-9.4.49.v20220914.jar:/Users/bimalsharma/.m2/repository/org/eclipse/jetty/jetty-alpn-java-client/9.4.49.v20220914/jetty-alpn-java-client-9.4.49.v20220914.jar:/Users/bimalsharma/.m2/repository/org/eclipse/jetty/jetty-alpn-client/9.4.49.v20220914/jetty-alpn-client-9.4.49.v20220914.jar:/Users/bimalsharma/.m2/repository/org/eclipse/jetty/jetty-alpn-openjdk8-client/9.4.49.v20220914/jetty-alpn-openjdk8-client-9.4.49.v20220914.jar:/Users/bimalsharma/.m2/repository/com/google/guava/guava/31.1-jre/guava-31.1-jre.jar:/Users/bimalsharma/.m2/repository/com/google/guava/failureaccess/1.0.1/failureaccess-1.0.1.jar:/Users/bimalsharma/.m2/repository/com/google/guava/listenablefuture/9999.0-empty-to-avoid-conflict-with-guava/listenablefuture-9999.0-empty-to-avoid-conflict-with-guava.jar:/Users/bimalsharma/.m2/repository/com/google/code/findbugs/jsr305/3.0.2/jsr305-3.0.2.jar:/Users/bimalsharma/.m2/repository/org/checkerframework/checker-qual/3.12.0/checker-qual-3.12.0.jar:/Users/bimalsharma/.m2/repository/com/google/errorprone/error_prone_annotations/2.11.0/error_prone_annotations-2.11.0.jar:/Users/bimalsharma/.m2/repository/com/google/j2objc/j2objc-annotations/1.3/j2objc-annotations-1.3.jar:/Users/bimalsharma/.m2/repository/org/apache/httpcomponents/client5/httpclient5/5.1.3/httpclient5-5.1.3.jar:/Users/bimalsharma/.m2/repository/org/apache/httpcomponents/core5/httpcore5/5.1.3/httpcore5-5.1.3.jar:/Users/bimalsharma/.m2/repository/org/apache/httpcomponents/core5/httpcore5-h2/5.1.3/httpcore5-h2-5.1.3.jar:/Users/bimalsharma/.m2/repository/commons-codec/commons-codec/1.15/commons-codec-1.15.jar:/Users/bimalsharma/.m2/repository/org/xmlunit/xmlunit-core/2.9.0/xmlunit-core-2.9.0.jar:/Users/bimalsharma/.m2/repository/jakarta/xml/bind/jakarta.xml.bind-api/2.3.3/jakarta.xml.bind-api-2.3.3.jar:/Users/bimalsharma/.m2/repository/jakarta/activation/jakarta.activation-api/1.2.2/jakarta.activation-api-1.2.2.jar:/Users/bimalsharma/.m2/repository/org/xmlunit/xmlunit-legacy/2.9.0/xmlunit-legacy-2.9.0.jar:/Users/bimalsharma/.m2/repository/org/xmlunit/xmlunit-placeholders/2.9.0/xmlunit-placeholders-2.9.0.jar:/Users/bimalsharma/.m2/repository/net/javacrumbs/json-unit/json-unit-core/2.36.0/json-unit-core-2.36.0.jar:/Users/bimalsharma/.m2/repository/com/jayway/jsonpath/json-path/2.7.0/json-path-2.7.0.jar:/Users/bimalsharma/.m2/repository/net/minidev/json-smart/2.4.7/json-smart-2.4.7.jar:/Users/bimalsharma/.m2/repository/net/minidev/accessors-smart/2.4.7/accessors-smart-2.4.7.jar:/Users/bimalsharma/.m2/repository/org/ow2/asm/asm/9.4/asm-9.4.jar:/Users/bimalsharma/.m2/repository/net/sf/jopt-simple/jopt-simple/5.0.4/jopt-simple-5.0.4.jar:/Users/bimalsharma/.m2/repository/org/apache/commons/commons-lang3/3.12.0/commons-lang3-3.12.0.jar:/Users/bimalsharma/.m2/repository/com/github/jknack/handlebars/4.3.1/handlebars-4.3.1.jar:/Users/bimalsharma/.m2/repository/com/github/jknack/handlebars-helpers/4.3.1/handlebars-helpers-4.3.1.jar:/Users/bimalsharma/.m2/repository/commons-fileupload/commons-fileupload/1.4/commons-fileupload-1.4.jar:/Users/bimalsharma/.m2/repository/commons-io/commons-io/2.11.0/commons-io-2.11.0.jar:/Users/bimalsharma/.m2/repository/org/slf4j/slf4j-api/1.7.36/slf4j-api-1.7.36.jar:/Users/bimalsharma/.m2/repository/com/fasterxml/jackson/core/jackson-databind/2.15.2/jackson-databind-2.15.2.jar:/Users/bimalsharma/.m2/repository/com/fasterxml/jackson/core/jackson-core/2.15.2/jackson-core-2.15.2.jar:/Users/bimalsharma/.m2/repository/com/fasterxml/jackson/core/jackson-annotations/2.15.2/jackson-annotations-2.15.2.jar:/Users/bimalsharma/.m2/repository/org/slf4j/slf4j-simple/2.0.7/slf4j-simple-2.0.7.jar:"/>
    <property name="java.vm.vendor" value="Homebrew"/>
    <property name="sun.arch.data.model" value="64"/>
    <property name="java.vendor.url" value="https://github.com/Homebrew/homebrew-core/issues"/>
    <property name="os.name" value="Mac OS X"/>
    <property name="java.vm.specification.version" value="17"/>
    <property name="sun.java.launcher" value="SUN_STANDARD"/>
    <property name="user.country" value="US"/>
    <property name="sun.boot.library.path" value="/opt/homebrew/Cellar/openjdk@17/17.0.16/libexec/openjdk.jdk/Contents/Home/lib"/>
    <property name="sun.java.command" value="/Users/bimalsharma/Desktop/API/demo/target/surefire/surefirebooter-20250810172120886_3.jar /Users/bimalsharma/Desktop/API/demo/target/surefire 2025-08-10T17-21-20_840-jvmRun1 surefire-20250810172120886_1tmp surefire_0-20250810172120886_2tmp"/>
    <property name="http.nonProxyHosts" value="local|*.local|169.254/16|*.169.254/16"/>
    <property name="jdk.debug" value="release"/>
    <property name="surefire.test.class.path" value="/Users/bimalsharma/Desktop/API/demo/target/test-classes:/Users/bimalsharma/Desktop/API/demo/target/classes:/Users/bimalsharma/.m2/repository/junit/junit/4.13.2/junit-4.13.2.jar:/Users/bimalsharma/.m2/repository/org/hamcrest/hamcrest-core/1.3/hamcrest-core-1.3.jar:/Users/bimalsharma/.m2/repository/io/cucumber/cucumber-java/7.14.0/cucumber-java-7.14.0.jar:/Users/bimalsharma/.m2/repository/io/cucumber/cucumber-core/7.14.0/cucumber-core-7.14.0.jar:/Users/bimalsharma/.m2/repository/io/cucumber/cucumber-gherkin/7.14.0/cucumber-gherkin-7.14.0.jar:/Users/bimalsharma/.m2/repository/io/cucumber/cucumber-gherkin-messages/7.14.0/cucumber-gherkin-messages-7.14.0.jar:/Users/bimalsharma/.m2/repository/io/cucumber/gherkin/26.2.0/gherkin-26.2.0.jar:/Users/bimalsharma/.m2/repository/io/cucumber/messages/22.0.0/messages-22.0.0.jar:/Users/bimalsharma/.m2/repository/io/cucumber/tag-expressions/5.0.6/tag-expressions-5.0.6.jar:/Users/bimalsharma/.m2/repository/io/cucumber/cucumber-expressions/16.1.2/cucumber-expressions-16.1.2.jar:/Users/bimalsharma/.m2/repository/io/cucumber/datatable/7.14.0/datatable-7.14.0.jar:/Users/bimalsharma/.m2/repository/io/cucumber/cucumber-plugin/7.14.0/cucumber-plugin-7.14.0.jar:/Users/bimalsharma/.m2/repository/io/cucumber/docstring/7.14.0/docstring-7.14.0.jar:/Users/bimalsharma/.m2/repository/io/cucumber/html-formatter/20.4.0/html-formatter-20.4.0.jar:/Users/bimalsharma/.m2/repository/io/cucumber/junit-xml-formatter/0.2.0/junit-xml-formatter-0.2.0.jar:/Users/bimalsharma/.m2/repository/io/cucumber/ci-environment/9.2.0/ci-environment-9.2.0.jar:/Users/bimalsharma/.m2/repository/org/apiguardian/apiguardian-api/1.1.2/apiguardian-api-1.1.2.jar:/Users/bimalsharma/.m2/repository/io/cucumber/cucumber-junit/7.14.0/cucumber-junit-7.14.0.jar:/Users/bimalsharma/.m2/repository/com/github/tomakehurst/wiremock-jre8/2.35.0/wiremock-jre8-2.35.0.jar:/Users/bimalsharma/.m2/repository/org/eclipse/jetty/jetty-server/9.4.49.v20220914/jetty-server-9.4.49.v20220914.jar:/Users/bimalsharma/.m2/repository/javax/servlet/javax.servlet-api/3.1.0/javax.servlet-api-3.1.0.jar:/Users/bimalsharma/.m2/repository/org/eclipse/jetty/jetty-http/9.4.49.v20220914/jetty-http-9.4.49.v20220914.jar:/Users/bimalsharma/.m2/repository/org/eclipse/jetty/jetty-io/9.4.49.v20220914/jetty-io-9.4.49.v20220914.jar:/Users/bimalsharma/.m2/repository/org/eclipse/jetty/jetty-servlet/9.4.49.v20220914/jetty-servlet-9.4.49.v20220914.jar:/Users/bimalsharma/.m2/repository/org/eclipse/jetty/jetty-security/9.4.49.v20220914/jetty-security-9.4.49.v20220914.jar:/Users/bimalsharma/.m2/repository/org/eclipse/jetty/jetty-util-ajax/9.4.49.v20220914/jetty-util-ajax-9.4.49.v20220914.jar:/Users/bimalsharma/.m2/repository/org/eclipse/jetty/jetty-servlets/9.4.49.v20220914/jetty-servlets-9.4.49.v20220914.jar:/Users/bimalsharma/.m2/repository/org/eclipse/jetty/jetty-continuation/9.4.49.v20220914/jetty-continuation-9.4.49.v20220914.jar:/Users/bimalsharma/.m2/repository/org/eclipse/jetty/jetty-util/9.4.49.v20220914/jetty-util-9.4.49.v20220914.jar:/Users/bimalsharma/.m2/repository/org/eclipse/jetty/jetty-webapp/9.4.49.v20220914/jetty-webapp-9.4.49.v20220914.jar:/Users/bimalsharma/.m2/repository/org/eclipse/jetty/jetty-xml/9.4.49.v20220914/jetty-xml-9.4.49.v20220914.jar:/Users/bimalsharma/.m2/repository/org/eclipse/jetty/jetty-proxy/9.4.49.v20220914/jetty-proxy-9.4.49.v20220914.jar:/Users/bimalsharma/.m2/repository/org/eclipse/jetty/jetty-client/9.4.49.v20220914/jetty-client-9.4.49.v20220914.jar:/Users/bimalsharma/.m2/repository/org/eclipse/jetty/http2/http2-server/9.4.49.v20220914/http2-server-9.4.49.v20220914.jar:/Users/bimalsharma/.m2/repository/org/eclipse/jetty/http2/http2-common/9.4.49.v20220914/http2-common-9.4.49.v20220914.jar:/Users/bimalsharma/.m2/repository/org/eclipse/jetty/http2/http2-hpack/9.4.49.v20220914/http2-hpack-9.4.49.v20220914.jar:/Users/bimalsharma/.m2/repository/org/eclipse/jetty/jetty-alpn-server/9.4.49.v20220914/jetty-alpn-server-9.4.49.v20220914.jar:/Users/bimalsharma/.m2/repository/org/eclipse/jetty/jetty-alpn-java-server/9.4.49.v20220914/jetty-alpn-java-server-9.4.49.v20220914.jar:/Users/bimalsharma/.m2/repository/org/eclipse/jetty/jetty-alpn-openjdk8-server/9.4.49.v20220914/jetty-alpn-openjdk8-server-9.4.49.v20220914.jar:/Users/bimalsharma/.m2/repository/org/eclipse/jetty/jetty-alpn-java-client/9.4.49.v20220914/jetty-alpn-java-client-9.4.49.v20220914.jar:/Users/bimalsharma/.m2/repository/org/eclipse/jetty/jetty-alpn-client/9.4.49.v20220914/jetty-alpn-client-9.4.49.v20220914.jar:/Users/bimalsharma/.m2/repository/org/eclipse/jetty/jetty-alpn-openjdk8-client/9.4.49.v20220914/jetty-alpn-openjdk8-client-9.4.49.v20220914.jar:/Users/bimalsharma/.m2/repository/com/google/guava/guava/31.1-jre/guava-31.1-jre.jar:/Users/bimalsharma/.m2/repository/com/google/guava/failureaccess/1.0.1/failureaccess-1.0.1.jar:/Users/bimalsharma/.m2/repository/com/google/guava/listenablefuture/9999.0-empty-to-avoid-conflict-with-guava/listenablefuture-9999.0-empty-to-avoid-conflict-with-guava.jar:/Users/bimalsharma/.m2/repository/com/google/code/findbugs/jsr305/3.0.2/jsr305-3.0.2.jar:/Users/bimalsharma/.m2/repository/org/checkerframework/checker-qual/3.12.0/checker-qual-3.12.0.jar:/Users/bimalsharma/.m2/repository/com/google/errorprone/error_prone_annotations/2.11.0/error_prone_annotations-2.11.0.jar:/Users/bimalsharma/.m2/repository/com/google/j2objc/j2objc-annotations/1.3/j2objc-annotations-1.3.jar:/Users/bimalsharma/.m2/repository/org/apache/httpcomponents/client5/httpclient5/5.1.3/httpclient5-5.1.3.jar:/Users/bimalsharma/.m2/repository/org/apache/httpcomponents/core5/httpcore5/5.1.3/httpcore5-5.1.3.jar:/Users/bimalsharma/.m2/repository/org/apache/httpcomponents/core5/httpcore5-h2/5.1.3/httpcore5-h2-5.1.3.jar:/Users/bimalsharma/.m2/repository/commons-codec/commons-codec/1.15/commons-codec-1.15.jar:/Users/bimalsharma/.m2/repository/org/xmlunit/xmlunit-core/2.9.0/xmlunit-core-2.9.0.jar:/Users/bimalsharma/.m2/repository/jakarta/xml/bind/jakarta.xml.bind-api/2.3.3/jakarta.xml.bind-api-2.3.3.jar:/Users/bimalsharma/.m2/repository/jakarta/activation/jakarta.activation-api/1.2.2/jakarta.activation-api-1.2.2.jar:/Users/bimalsharma/.m2/repository/org/xmlunit/xmlunit-legacy/2.9.0/xmlunit-legacy-2.9.0.jar:/Users/bimalsharma/.m2/repository/org/xmlunit/xmlunit-placeholders/2.9.0/xmlunit-placeholders-2.9.0.jar:/Users/bimalsharma/.m2/repository/net/javacrumbs/json-unit/json-unit-core/2.36.0/json-unit-core-2.36.0.jar:/Users/bimalsharma/.m2/repository/com/jayway/jsonpath/json-path/2.7.0/json-path-2.7.0.jar:/Users/bimalsharma/.m2/repository/net/minidev/json-smart/2.4.7/json-smart-2.4.7.jar:/Users/bimalsharma/.m2/repository/net/minidev/accessors-smart/2.4.7/accessors-smart-2.4.7.jar:/Users/bimalsharma/.m2/repository/org/ow2/asm/asm/9.4/asm-9.4.jar:/Users/bimalsharma/.m2/repository/net/sf/jopt-simple/jopt-simple/5.0.4/jopt-simple-5.0.4.jar:/Users/bimalsharma/.m2/repository/org/apache/commons/commons-lang3/3.12.0/commons-lang3-3.12.0.jar:/Users/bimalsharma/.m2/repository/com/github/jknack/handlebars/4.3.1/handlebars-4.3.1.jar:/Users/bimalsharma/.m2/repository/com/github/jknack/handlebars-helpers/4.3.1/handlebars-helpers-4.3.1.jar:/Users/bimalsharma/.m2/repository/commons-fileupload/commons-fileupload/1.4/commons-fileupload-1.4.jar:/Users/bimalsharma/.m2/repository/commons-io/commons-io/2.11.0/commons-io-2.11.0.jar:/Users/bimalsharma/.m2/repository/org/slf4j/slf4j-api/1.7.36/slf4j-api-1.7.36.jar:/Users/bimalsharma/.m2/repository/com/fasterxml/jackson/core/jackson-databind/2.15.2/jackson-databind-2.15.2.jar:/Users/bimalsharma/.m2/repository/com/fasterxml/jackson/core/jackson-core/2.15.2/jackson-core-2.15.2.jar:/Users/bimalsharma/.m2/repository/com/fasterxml/jackson/core/jackson-annotations/2.15.2/jackson-annotations-2.15.2.jar:/Users/bimalsharma/.m2/repository/org/slf4j/slf4j-simple/2.0.7/slf4j-simple-2.0.7.jar:"/>
    <property name="sun.cpu.endian" value="little"/>
    <property name="user.home" value="/Users/bimalsharma"/>
    <property name="user.language" value="en"/>
    <property name="java.specification.vendor" value="Oracle Corporation"/>
    <property name="java.version.date" value="2025-07-15"/>
    <property name="java.home" value="/opt/homebrew/Cellar/openjdk@17/17.0.16/libexec/openjdk.jdk/Contents/Home"/>
    <property name="file.separator" value="/"/>
    <property name="basedir" value="/Users/bimalsharma/Desktop/API/demo"/>
    <property name="java.vm.compressedOopsMode" value="Zero based"/>
    <property name="line.separator" value="&#10;"/>
    <property name="java.specification.name" value="Java Platform API Specification"/>
    <property name="java.vm.specification.vendor" value="Oracle Corporation"/>
    <property name="surefire.real.class.path" value="/Users/bimalsharma/Desktop/API/demo/target/surefire/surefirebooter-20250810172120886_3.jar"/>
    <property name="sun.management.compiler" value="HotSpot 64-Bit Tiered Compilers"/>
    <property name="ftp.nonProxyHosts" value="local|*.local|169.254/16|*.169.254/16"/>
    <property name="java.runtime.version" value="17.0.16+0"/>
    <property name="user.name" value="bimalsharma"/>
    <property name="path.separator" value=":"/>
    <property name="os.version" value="15.6"/>
    <property name="java.runtime.name" value="OpenJDK Runtime Environment"/>
    <property name="file.encoding" value="UTF-8"/>
    <property name="java.vm.name" value="OpenJDK 64-Bit Server VM"/>
    <property name="java.vendor.version" value="Homebrew"/>
    <property name="localRepository" value="/Users/bimalsharma/.m2/repository"/>
    <property name="java.vendor.url.bug" value="https://github.com/Homebrew/homebrew-core/issues"/>
    <property name="java.io.tmpdir" value="/var/folders/qd/zjcpfr6s22b45w9612pmslkh0000gn/T/"/>
    <property name="java.version" value="17.0.16"/>
    <property name="user.dir" value="/Users/bimalsharma/Desktop/API/demo"/>
    <property name="os.arch" value="aarch64"/>
    <property name="java.vm.specification.name" value="Java Virtual Machine Specification"/>
    <property name="native.encoding" value="UTF-8"/>
    <property name="java.library.path" value="/Users/bimalsharma/Library/Java/Extensions:/Library/Java/Extensions:/Network/Library/Java/Extensions:/System/Library/Java/Extensions:/usr/lib/java:."/>
    <property name="java.vm.info" value="mixed mode, sharing"/>
    <property name="java.vendor" value="Homebrew"/>
    <property name="java.vm.version" value="17.0.16+0"/>
    <property name="java.specification.maintenance.version" value="1"/>
    <property name="sun.io.unicode.encoding" value="UnicodeBig"/>
    <property name="socksNonProxyHosts" value="local|*.local|169.254/16|*.169.254/16"/>
    <property name="java.class.version" value="61.0"/>
  </properties>
  <testcase name="Predict gender of a single name" classname="Genderize API Testing" time="0.349">
    <system-out><![CDATA[
Scenario: Predict gender of a single name          # src/test/resources/features/genderapi.feature:3
Starting mock server...
Mock server started successfully.
  Given I have the name "Emily"                    # com.genderapi.stepdefinitions.GenderizeSteps.i_have_the_name(java.lang.String)
  When I send a request to Genderize API           # com.genderapi.stepdefinitions.GenderizeSteps.i_send_request()
  Then the response should contain gender "female" # com.genderapi.stepdefinitions.GenderizeSteps.response_should_contain_gender(java.lang.String)
]]></system-out>
    <system-err><![CDATA[SLF4J: Failed to load class "org.slf4j.impl.StaticLoggerBinder".
SLF4J: Defaulting to no-operation (NOP) logger implementation
SLF4J: See http://www.slf4j.org/codes.html#StaticLoggerBinder for further details.
]]></system-err>
  </testcase>
  <testcase name="Predict gender with country context #1" classname="Genderize API Testing" time="0.015">
    <system-out><![CDATA[
Scenario Outline: Predict gender with country context # src/test/resources/features/genderapi.feature:15
Starting mock server...
Mock server started successfully.
  Given I have the name "Andrea" and country "IT"     # com.genderapi.stepdefinitions.GenderizeSteps.i_have_name_and_country(java.lang.String,java.lang.String)
  When I send a request to Genderize API              # com.genderapi.stepdefinitions.GenderizeSteps.i_send_request()
  Then the response should contain gender "male"      # com.genderapi.stepdefinitions.GenderizeSteps.response_should_contain_gender(java.lang.String)
]]></system-out>
  </testcase>
  <testcase name="Predict gender with country context #2" classname="Genderize API Testing" time="0.016">
    <system-out><![CDATA[
Scenario Outline: Predict gender with country context # src/test/resources/features/genderapi.feature:16
Starting mock server...
Mock server started successfully.
  Given I have the name "Andrea" and country "US"     # com.genderapi.stepdefinitions.GenderizeSteps.i_have_name_and_country(java.lang.String,java.lang.String)
  When I send a request to Genderize API              # com.genderapi.stepdefinitions.GenderizeSteps.i_send_request()
  Then the response should contain gender "female"    # com.genderapi.stepdefinitions.GenderizeSteps.response_should_contain_gender(java.lang.String)
]]></system-out>
  </testcase>
  <testcase name="Predict gender for multiple names" classname="Genderize API Testing" time="0.018">
    <system-out><![CDATA[
Scenario: Predict gender for multiple names              # src/test/resources/features/genderapi.feature:18
Starting mock server...
Mock server started successfully.
  Given I have multiple names "John, Sarah, Alex"        # com.genderapi.stepdefinitions.GenderizeSteps.i_have_multiple_names(java.lang.String)
  When I send a request to Genderize API                 # com.genderapi.stepdefinitions.GenderizeSteps.i_send_request()
  Then the response should contain genders for all names # com.genderapi.stepdefinitions.GenderizeSteps.response_should_contain_genders_for_all_names()
]]></system-out>
  </testcase>
  <testcase name="Edge case - empty name" classname="Genderize API Testing" time="0.01">
    <system-out><![CDATA[
Scenario: Edge case - empty name                           # src/test/resources/features/genderapi.feature:23
Starting mock server...
Mock server started successfully.
  Given I have an empty name                               # com.genderapi.stepdefinitions.GenderizeSteps.i_have_empty_name()
  When I send a request to Genderize API                   # com.genderapi.stepdefinitions.GenderizeSteps.i_send_request()
  Then the response should return an error or empty result # com.genderapi.stepdefinitions.GenderizeSteps.response_should_return_error_or_empty()
]]></system-out>
  </testcase>
</testsuite>